<?xml version="1.0" encoding="UTF-8"?>
<!-- Generated by org.testng.reporters.JUnitXMLReporter -->
<testsuite hostname="02HW11541" tests="0" failures="0" timestamp="13 Dec 2016 21:43:00 GMT" time="30.769" errors="0">
  <testcase name="@AfterTest testLogin" time="0.0" classname="WebTesting.ExecuteTest">
    <failure type="java.lang.NullPointerException">
      <![CDATA[java.lang.NullPointerException
	at WebTesting.ExecuteTest.testLogin(ExecuteTest.java:66)
... Removed 26 stack frames]]>
    </failure>
  </testcase> <!-- @AfterTest testLogin -->
</testsuite>
